2025-08-22 09:11:36,020 - INFO - Iniciando creación de lista semanal en Trello
2025-08-22 09:11:36,020 - INFO - Nombre de lista a crear: SEMANA DEL 18 08 AL 22 08 2025
2025-08-22 09:11:37,348 - INFO - La lista de esta semana ya existe
2025-08-22 09:11:57,796 - INFO - Iniciando creación de lista semanal en Trello
2025-08-22 09:11:57,796 - INFO - Nombre de lista a crear: SEMANA DEL 18 08 AL 22 08 2025
2025-08-22 09:11:59,757 - INFO - Lista creada: SEMANA DEL 18 08 AL 22 08 2025
2025-08-22 09:12:01,440 - INFO - Tarjeta y checklist creados: 18 LUNES
2025-08-22 09:12:02,999 - INFO - Tarjeta y checklist creados: 19 MARTES
2025-08-22 09:12:04,561 - INFO - Tarjeta y checklist creados: 20 MIÉRCOLES
2025-08-22 09:12:06,041 - INFO - Tarjeta y checklist creados: 21 JUEVES
2025-08-22 09:12:07,646 - INFO - Tarjeta y checklist creados: 22 VIERNES
2025-08-22 09:12:07,646 - INFO - Proceso de creación de lista semanal completado
2025-08-25 08:00:03,891 - INFO - Iniciando creación de lista semanal en Trello
2025-08-25 08:00:03,891 - INFO - Nombre de lista a crear: SEMANA DEL 25 08 AL 29 08 2025
2025-08-25 08:00:05,949 - INFO - Lista creada: SEMANA DEL 25 08 AL 29 08 2025
2025-08-25 08:00:07,948 - INFO - Tarjeta y checklist creados: 25 LUNES
2025-08-25 08:00:09,932 - INFO - Tarjeta y checklist creados: 26 MARTES
2025-08-25 08:00:12,246 - INFO - Tarjeta y checklist creados: 27 MIÉRCOLES
2025-08-25 08:00:15,428 - INFO - Tarjeta y checklist creados: 28 JUEVES
2025-08-25 08:00:19,507 - INFO - Tarjeta y checklist creados: 29 VIERNES
2025-08-25 08:00:19,508 - INFO - Proceso de creación de lista semanal completado
